<?xml version="1.0" encoding="UTF-8"?>
<testsuites name="AdminEntersAbsence.dataDriven" time="150" tests="1" failures="0" errors="0">
   <testsuite name="AdminEntersAbsence.dataDriven" tests="1" failures="0" errors="0" time="150" timestamp="2018-11-28 15:45:22" hostname="stewart.gray - MKM870-L-6D90.SeneDS.senecacollege.ca" id="Test Suites/AdminEntersAbsence.dataDriven">
      <properties>
         <property name="deviceName" value=""/>
         <property name="devicePlatform" value=""/>
         <property name="logFolder" value="C:\\Testing\\katalon\\HR\\AM\\AM.GlobalPayrollAndAbsenceManagement_fld\\Reports\\AdminEntersAbsence.dataDriven\\20181128_154519"/>
         <property name="logFiles" value="C:\\Testing\\katalon\\HR\\AM\\AM.GlobalPayrollAndAbsenceManagement_fld\\Reports\\AdminEntersAbsence.dataDriven\\20181128_154519\\execution0.log"/>
         <property name="attachments" value=""/>
         <property name="hostName" value="stewart.gray - MKM870-L-6D90.SeneDS.senecacollege.ca"/>
         <property name="os" value="Windows 10 64bit"/>
         <property name="katalonVersion" value="5.7.1.1"/>
         <property name="browser" value="Chrome 70.0.3538.110"/>
         <property name="hostAddress" value="10.30.7.25"/>
         <property name="sessionId" value="8bb0058e19d8525080f8ed8e4016139b"/>
         <property name="seleniumVersion" value="3.7.1"/>
         <property name="proxyInformation" value="ProxyInformation{proxyOption=NO_PROXY, proxyServerType=HTTP, password=, proxyServerAddress=, proxyServerPort=0}"/>
         <property name="platform" value="Windows 10"/>
      </properties>
      <testcase name="Test Cases/AdminEntersAbsence.dataDriven" classname="Test Cases/AdminEntersAbsence.dataDriven" status="PASSED">
         <system-out><![CDATA[2018-11-28 15:45:23 - [TEST_CASE][PASSED] - Test Cases/AdminEntersAbsence.dataDriven: Test Cases/AdminEntersAbsence.dataDriven

2018-11-28 15:45:23 - [TEST_STEP][PASSED] - Statement - evt = 30: null

2018-11-28 15:45:23 - [TEST_STEP][PASSED] - Statement - plt = 30: null

2018-11-28 15:45:23 - [TEST_STEP][PASSED] - openBrowser: Browser is opened with url: ''

2018-11-28 15:45:30 - [MESSAGE][PASSED] - Browser is opened with url: ''

2018-11-28 15:45:30 - [TEST_STEP][PASSED] - navigateToUrl: Navigate to 'https://hrerp-uatoc.senecacollege.ca/psp/ps/?cmd=login&languageCd=ENG&' successfully

2018-11-28 15:45:31 - [MESSAGE][PASSED] - Navigate to 'https://hrerp-uatoc.senecacollege.ca/psp/ps/?cmd=login&languageCd=ENG&' successfully

2018-11-28 15:45:31 - [TEST_STEP][PASSED] - setText: Text 'KEVIN.YANG' is set on object 'Object Repository/AdminEntersAbsence/Page_Oracle PeopleSoft Sign-in/input_User ID_userid'

2018-11-28 15:45:36 - [MESSAGE][PASSED] - Text 'KEVIN.YANG' is set on object 'Object Repository/AdminEntersAbsence/Page_Oracle PeopleSoft Sign-in/input_User ID_userid'

2018-11-28 15:45:36 - [TEST_STEP][PASSED] - setText: Text 'Welcome@1' is set on object 'Object Repository/AdminEntersAbsence/Page_Oracle PeopleSoft Sign-in/input_Password_pwd'

2018-11-28 15:45:40 - [MESSAGE][PASSED] - Text 'Welcome@1' is set on object 'Object Repository/AdminEntersAbsence/Page_Oracle PeopleSoft Sign-in/input_Password_pwd'

2018-11-28 15:45:40 - [TEST_STEP][PASSED] - click: Object: 'Object Repository/AdminEntersAbsence/Page_Oracle PeopleSoft Sign-in/input_Select a Language_Submit' is clicked on

2018-11-28 15:45:43 - [MESSAGE][PASSED] - Object: 'Object Repository/AdminEntersAbsence/Page_Oracle PeopleSoft Sign-in/input_Select a Language_Submit' is clicked on

2018-11-28 15:45:43 - [TEST_STEP][PASSED] - maximizeWindow: Current window maximized

2018-11-28 15:45:45 - [MESSAGE][PASSED] - Current window maximized

2018-11-28 15:45:45 - [TEST_STEP][PASSED] - waitForPageLoad: Wait for page load successfully

2018-11-28 15:45:46 - [MESSAGE][PASSED] - Wait for page load successfully

2018-11-28 15:45:46 - [TEST_STEP][PASSED] - click: Object: 'Object Repository/AdminEntersAbsence/Page_My Homepage/a_Sign Out_PT_NAVBAR' is clicked on

2018-11-28 15:45:48 - [MESSAGE][PASSED] - Object: 'Object Repository/AdminEntersAbsence/Page_My Homepage/a_Sign Out_PT_NAVBAR' is clicked on

2018-11-28 15:45:48 - [TEST_STEP][PASSED] - click: Object: 'Object Repository/AdminEntersAbsence/Page_My Homepage/div_Navigator_grouplet_PTNBPTN' is clicked on

2018-11-28 15:45:53 - [MESSAGE][PASSED] - Object: 'Object Repository/AdminEntersAbsence/Page_My Homepage/div_Navigator_grouplet_PTNBPTN' is clicked on

2018-11-28 15:45:55 - [TEST_STEP][PASSED] - click: Object: 'Object Repository/AdminEntersAbsence/Page_My Homepage/a_Global Payroll  Absence Mgmt' is clicked on

2018-11-28 15:45:59 - [MESSAGE][PASSED] - Object: 'Object Repository/AdminEntersAbsence/Page_My Homepage/a_Global Payroll  Absence Mgmt' is clicked on

2018-11-28 15:46:01 - [TEST_STEP][PASSED] - click: Object: 'Object Repository/AdminEntersAbsence/Page_My Homepage/a_Payee Data' is clicked on

2018-11-28 15:46:05 - [MESSAGE][PASSED] - Object: 'Object Repository/AdminEntersAbsence/Page_My Homepage/a_Payee Data' is clicked on

2018-11-28 15:46:07 - [TEST_STEP][PASSED] - click: Object: 'Object Repository/AdminEntersAbsence/Page_My Homepage/a_Maintain Absences' is clicked on

2018-11-28 15:46:11 - [MESSAGE][PASSED] - Object: 'Object Repository/AdminEntersAbsence/Page_My Homepage/a_Maintain Absences' is clicked on

2018-11-28 15:46:13 - [TEST_STEP][PASSED] - click: Object: 'Object Repository/AdminEntersAbsence/Page_My Homepage/a_Absence Event' is clicked on

2018-11-28 15:46:18 - [MESSAGE][PASSED] - Object: 'Object Repository/AdminEntersAbsence/Page_My Homepage/a_Absence Event' is clicked on

2018-11-28 15:46:20 - [TEST_STEP][PASSED] - setText: Text '058833096' is set on object 'Object Repository/AdminEntersAbsence/Page_Absence Event/input_Empl ID_EMPLMT_SRCH_GBL_'

2018-11-28 15:46:27 - [MESSAGE][PASSED] - Text '058833096' is set on object 'Object Repository/AdminEntersAbsence/Page_Absence Event/input_Empl ID_EMPLMT_SRCH_GBL_'

2018-11-28 15:46:29 - [TEST_STEP][PASSED] - setText: Text '0' is set on object 'Object Repository/AdminEntersAbsence/Page_Absence Event/input_Empl Record_EMPLMT_SRCH_'

2018-11-28 15:46:35 - [MESSAGE][PASSED] - Text '0' is set on object 'Object Repository/AdminEntersAbsence/Page_Absence Event/input_Empl Record_EMPLMT_SRCH_'

2018-11-28 15:46:37 - [TEST_STEP][PASSED] - click: Object: 'Object Repository/AdminEntersAbsence/Page_Absence Event/input_Case Sensitive_ICSearch' is clicked on

2018-11-28 15:46:41 - [MESSAGE][PASSED] - Object: 'Object Repository/AdminEntersAbsence/Page_Absence Event/input_Case Sensitive_ICSearch' is clicked on

2018-11-28 15:46:43 - [TEST_STEP][PASSED] - click: Object: 'Object Repository/AdminEntersAbsence/Page_Absence Event/a_firstRecordReturned' is clicked on

2018-11-28 15:46:47 - [MESSAGE][PASSED] - Object: 'Object Repository/AdminEntersAbsence/Page_Absence Event/a_firstRecordReturned' is clicked on

2018-11-28 15:46:49 - [TEST_STEP][PASSED] - click: Object: 'Object Repository/AdminEntersAbsence/Page_Absence Event/a_Approved_GP_ABS_EVENTnew00' is clicked on

2018-11-28 15:46:54 - [MESSAGE][PASSED] - Object: 'Object Repository/AdminEntersAbsence/Page_Absence Event/a_Approved_GP_ABS_EVENTnew00' is clicked on

2018-11-28 15:46:56 - [TEST_STEP][PASSED] - setText: Text 'SN AT SCK SU' is set on object 'Object Repository/AdminEntersAbsence/Page_Absence Event/input_Sick_GP_PIN_NM_VW_PIN_NM'

2018-11-28 15:47:02 - [MESSAGE][PASSED] - Text 'SN AT SCK SU' is set on object 'Object Repository/AdminEntersAbsence/Page_Absence Event/input_Sick_GP_PIN_NM_VW_PIN_NM'

2018-11-28 15:47:04 - [TEST_STEP][PASSED] - setText: Text '09/07/2018' is set on object 'Object Repository/AdminEntersAbsence/Page_Absence Event/input_Sick_GP_ABS_EVENT_BGN_DT'

2018-11-28 15:47:10 - [MESSAGE][PASSED] - Text '09/07/2018' is set on object 'Object Repository/AdminEntersAbsence/Page_Absence Event/input_Sick_GP_ABS_EVENT_BGN_DT'

2018-11-28 15:47:12 - [TEST_STEP][PASSED] - setText: Text '09/07/2018' is set on object 'Object Repository/AdminEntersAbsence/Page_Absence Event/input_Sick_GP_ABS_EVENT_END_DT'

2018-11-28 15:47:18 - [MESSAGE][PASSED] - Text '09/07/2018' is set on object 'Object Repository/AdminEntersAbsence/Page_Absence Event/input_Sick_GP_ABS_EVENT_END_DT'

2018-11-28 15:47:20 - [TEST_STEP][PASSED] - selectOptionByValue: All options with value 'N' are selected in object 'Object Repository/AdminEntersAbsence/Page_Absence Event/select_NormalVoid' 

2018-11-28 15:47:30 - [MESSAGE][PASSED] - All options with value 'N' are selected in object 'Object Repository/AdminEntersAbsence/Page_Absence Event/select_NormalVoid' 

2018-11-28 15:47:32 - [TEST_STEP][PASSED] - setText: Text '09/07/2018' is set on object 'Object Repository/AdminEntersAbsence/Page_Absence Event/input_Approved_GP_ABS_EVENT_OR'

2018-11-28 15:47:38 - [MESSAGE][PASSED] - Text '09/07/2018' is set on object 'Object Repository/AdminEntersAbsence/Page_Absence Event/input_Approved_GP_ABS_EVENT_OR'

2018-11-28 15:47:40 - [TEST_STEP][PASSED] - click: Object: 'Object Repository/AdminEntersAbsence/Page_Absence Event/input_Entering Updating and Vo' is clicked on

2018-11-28 15:47:44 - [MESSAGE][PASSED] - Object: 'Object Repository/AdminEntersAbsence/Page_Absence Event/input_Entering Updating and Vo' is clicked on

2018-11-28 15:47:46 - [TEST_STEP][PASSED] - click: Object: 'Object Repository/AdminEntersAbsence/Page_Absence Event/a_Actions List Popup_pthdr2Act' is clicked on

2018-11-28 15:47:48 - [MESSAGE][PASSED] - Object: 'Object Repository/AdminEntersAbsence/Page_Absence Event/a_Actions List Popup_pthdr2Act' is clicked on

2018-11-28 15:47:48 - [TEST_STEP][PASSED] - click: Object: 'Object Repository/AdminEntersAbsence/Page_Absence Event/span_Sign out' is clicked on

2018-11-28 15:47:51 - [MESSAGE][PASSED] - Object: 'Object Repository/AdminEntersAbsence/Page_Absence Event/span_Sign out' is clicked on

2018-11-28 15:47:51 - [TEST_STEP][PASSED] - closeBrowser: Browser is closed

2018-11-28 15:47:52 - [MESSAGE][PASSED] - Browser is closed]]></system-out>
         <system-err><![CDATA[]]></system-err>
      </testcase>
      <system-out><![CDATA[2018-11-28 15:45:22 - [TEST_SUITE][PASSED] - AdminEntersAbsence.dataDriven: Test Cases/AdminEntersAbsence.dataDriven]]></system-out>
      <system-err><![CDATA[]]></system-err>
   </testsuite>
</testsuites>
