<?xml version="1.0" encoding="UTF-8"?>
<testsuites name="VacationCarryOver.dataDriven" time="264" tests="1" failures="0" errors="0">
   <testsuite name="VacationCarryOver.dataDriven" tests="1" failures="0" errors="0" time="264" timestamp="2018-11-30 13:34:06" hostname="stewart.gray - MKM870-L-6D90.SeneDS.senecacollege.ca" id="Test Suites/VacationCarryOver.dataDriven">
      <properties>
         <property name="deviceName" value=""/>
         <property name="devicePlatform" value=""/>
         <property name="logFolder" value="C:\\Testing\\katalon\\HR\\AM\\AM.GlobalPayrollAndAbsenceManagement_fld\\Reports\\VacationCarryOver.dataDriven\\20181130_133404"/>
         <property name="logFiles" value="C:\\Testing\\katalon\\HR\\AM\\AM.GlobalPayrollAndAbsenceManagement_fld\\Reports\\VacationCarryOver.dataDriven\\20181130_133404\\execution0.log"/>
         <property name="attachments" value=""/>
         <property name="hostName" value="stewart.gray - MKM870-L-6D90.SeneDS.senecacollege.ca"/>
         <property name="os" value="Windows 10 64bit"/>
         <property name="katalonVersion" value="5.7.1.1"/>
         <property name="browser" value="Chrome 70.0.3538.110"/>
         <property name="hostAddress" value="10.30.7.25"/>
         <property name="sessionId" value="6eaaf3f1afd59d1b90478b4c79a922c5"/>
         <property name="seleniumVersion" value="3.7.1"/>
         <property name="proxyInformation" value="ProxyInformation{proxyOption=NO_PROXY, proxyServerType=HTTP, password=, proxyServerAddress=, proxyServerPort=0}"/>
         <property name="platform" value="Windows 10"/>
      </properties>
      <testcase name="Test Cases/VacationCarryOver.dataDriven" classname="Test Cases/VacationCarryOver.dataDriven" status="PASSED">
         <system-out><![CDATA[2018-11-30 13:34:06 - [TEST_CASE][PASSED] - Test Cases/VacationCarryOver.dataDriven: Test Cases/VacationCarryOver.dataDriven

2018-11-30 13:34:07 - [TEST_STEP][PASSED] - Statement - evt = 30: null

2018-11-30 13:34:07 - [TEST_STEP][PASSED] - Statement - plt = 30: null

2018-11-30 13:34:07 - [TEST_STEP][PASSED] - openBrowser: Browser is opened with url: ''

2018-11-30 13:34:13 - [MESSAGE][PASSED] - Browser is opened with url: ''

2018-11-30 13:34:13 - [TEST_STEP][PASSED] - navigateToUrl: Navigate to 'https://hrerp-uatoc.senecacollege.ca/psp/ps/?cmd=login&languageCd=ENG&' successfully

2018-11-30 13:34:14 - [MESSAGE][PASSED] - Navigate to 'https://hrerp-uatoc.senecacollege.ca/psp/ps/?cmd=login&languageCd=ENG&' successfully

2018-11-30 13:34:14 - [TEST_STEP][PASSED] - setText: Text 'KEVIN.YANG' is set on object 'Object Repository/VacationCarryOver/Page_Oracle PeopleSoft Sign-in/input_User ID_userid'

2018-11-30 13:34:19 - [MESSAGE][PASSED] - Text 'KEVIN.YANG' is set on object 'Object Repository/VacationCarryOver/Page_Oracle PeopleSoft Sign-in/input_User ID_userid'

2018-11-30 13:34:19 - [TEST_STEP][PASSED] - setText: Text 'Welcome@1' is set on object 'Object Repository/VacationCarryOver/Page_Oracle PeopleSoft Sign-in/input_Password_pwd'

2018-11-30 13:34:23 - [MESSAGE][PASSED] - Text 'Welcome@1' is set on object 'Object Repository/VacationCarryOver/Page_Oracle PeopleSoft Sign-in/input_Password_pwd'

2018-11-30 13:34:23 - [TEST_STEP][PASSED] - click: Object: 'Object Repository/VacationCarryOver/Page_Oracle PeopleSoft Sign-in/input_Select a Language_Submit' is clicked on

2018-11-30 13:34:26 - [MESSAGE][PASSED] - Object: 'Object Repository/VacationCarryOver/Page_Oracle PeopleSoft Sign-in/input_Select a Language_Submit' is clicked on

2018-11-30 13:34:26 - [TEST_STEP][PASSED] - maximizeWindow: Current window maximized

2018-11-30 13:34:28 - [MESSAGE][PASSED] - Current window maximized

2018-11-30 13:34:28 - [TEST_STEP][PASSED] - waitForPageLoad: Wait for page load successfully

2018-11-30 13:34:29 - [MESSAGE][PASSED] - Wait for page load successfully

2018-11-30 13:34:29 - [TEST_STEP][PASSED] - click: Object: 'Object Repository/VacationCarryOver/Page_My Homepage/a_Sign Out_PT_NAVBAR' is clicked on

2018-11-30 13:34:31 - [MESSAGE][PASSED] - Object: 'Object Repository/VacationCarryOver/Page_My Homepage/a_Sign Out_PT_NAVBAR' is clicked on

2018-11-30 13:34:31 - [TEST_STEP][PASSED] - click: Object: 'Object Repository/VacationCarryOver/Page_My Homepage/div_Navigator_grouplet_PTNBPTN' is clicked on

2018-11-30 13:34:36 - [MESSAGE][PASSED] - Object: 'Object Repository/VacationCarryOver/Page_My Homepage/div_Navigator_grouplet_PTNBPTN' is clicked on

2018-11-30 13:34:38 - [TEST_STEP][PASSED] - click: Object: 'Object Repository/VacationCarryOver/Page_My Homepage/a_Global Payroll  Absence Mgmt' is clicked on

2018-11-30 13:34:42 - [MESSAGE][PASSED] - Object: 'Object Repository/VacationCarryOver/Page_My Homepage/a_Global Payroll  Absence Mgmt' is clicked on

2018-11-30 13:34:44 - [TEST_STEP][PASSED] - click: Object: 'Object Repository/VacationCarryOver/Page_My Homepage/a_Payee Data' is clicked on

2018-11-30 13:34:48 - [MESSAGE][PASSED] - Object: 'Object Repository/VacationCarryOver/Page_My Homepage/a_Payee Data' is clicked on

2018-11-30 13:34:50 - [TEST_STEP][PASSED] - click: Object: 'Object Repository/VacationCarryOver/Page_My Homepage/a_Create Overrides' is clicked on

2018-11-30 13:34:54 - [MESSAGE][PASSED] - Object: 'Object Repository/VacationCarryOver/Page_My Homepage/a_Create Overrides' is clicked on

2018-11-30 13:34:56 - [TEST_STEP][PASSED] - click: Object: 'Object Repository/VacationCarryOver/Page_My Homepage/a_Supporting Elements' is clicked on

2018-11-30 13:35:02 - [MESSAGE][PASSED] - Object: 'Object Repository/VacationCarryOver/Page_My Homepage/a_Supporting Elements' is clicked on

2018-11-30 13:35:04 - [TEST_STEP][PASSED] - setText: Text '049764079' is set on object 'Object Repository/VacationCarryOver/Page_Supporting Elements/input_Empl ID_EMPLMT_SRCH_GBL_'

2018-11-30 13:35:10 - [MESSAGE][PASSED] - Text '049764079' is set on object 'Object Repository/VacationCarryOver/Page_Supporting Elements/input_Empl ID_EMPLMT_SRCH_GBL_'

2018-11-30 13:35:12 - [TEST_STEP][PASSED] - click: Object: 'Object Repository/VacationCarryOver/Page_Supporting Elements/input_Case Sensitive_ICSearch' is clicked on

2018-11-30 13:35:16 - [MESSAGE][PASSED] - Object: 'Object Repository/VacationCarryOver/Page_Supporting Elements/input_Case Sensitive_ICSearch' is clicked on

2018-11-30 13:35:18 - [TEST_STEP][PASSED] - click: Object: 'Object Repository/VacationCarryOver/Page_Supporting Elements/img' is clicked on

2018-11-30 13:35:22 - [MESSAGE][PASSED] - Object: 'Object Repository/VacationCarryOver/Page_Supporting Elements/img' is clicked on

2018-11-30 13:35:24 - [TEST_STEP][PASSED] - click: Object: 'Object Repository/VacationCarryOver/Page_Supporting Elements/a_FT Support Vacation Carryove' is clicked on

2018-11-30 13:35:28 - [MESSAGE][PASSED] - Object: 'Object Repository/VacationCarryOver/Page_Supporting Elements/a_FT Support Vacation Carryove' is clicked on

2018-11-30 13:35:30 - [TEST_STEP][PASSED] - selectOptionByValue: All options with value 'VR0' are selected in object 'Object Repository/VacationCarryOver/Page_Supporting Elements/select_ BracketDateDurationFor' 

2018-11-30 13:35:41 - [MESSAGE][PASSED] - All options with value 'VR0' are selected in object 'Object Repository/VacationCarryOver/Page_Supporting Elements/select_ BracketDateDurationFor' 

2018-11-30 13:35:43 - [TEST_STEP][PASSED] - setText: Text 'SN VAC SU CARY' is set on object 'Object Repository/VacationCarryOver/Page_Supporting Elements/input_Numeric Value_GP_PIN_NM_'

2018-11-30 13:35:49 - [MESSAGE][PASSED] - Text 'SN VAC SU CARY' is set on object 'Object Repository/VacationCarryOver/Page_Supporting Elements/input_Numeric Value_GP_PIN_NM_'

2018-11-30 13:35:51 - [TEST_STEP][PASSED] - click: Object: 'Object Repository/VacationCarryOver/Page_Supporting Elements/select_ BracketDateDurationFor' is clicked on

2018-11-30 13:35:55 - [MESSAGE][PASSED] - Object: 'Object Repository/VacationCarryOver/Page_Supporting Elements/select_ BracketDateDurationFor' is clicked on

2018-11-30 13:35:57 - [TEST_STEP][PASSED] - setText: Text '09/02/2018' is set on object 'Object Repository/VacationCarryOver/Page_Supporting Elements/input_FT Support Vacation Carr'

2018-11-30 13:36:04 - [MESSAGE][PASSED] - Text '09/02/2018' is set on object 'Object Repository/VacationCarryOver/Page_Supporting Elements/input_FT Support Vacation Carr'

2018-11-30 13:36:06 - [TEST_STEP][PASSED] - setText: Text '09/02/2018' is set on object 'Object Repository/VacationCarryOver/Page_Supporting Elements/input_FT Support Vacation Carr_2'

2018-11-30 13:36:12 - [MESSAGE][PASSED] - Text '09/02/2018' is set on object 'Object Repository/VacationCarryOver/Page_Supporting Elements/input_FT Support Vacation Carr_2'

2018-11-30 13:36:14 - [TEST_STEP][PASSED] - setText: Text '3.5' is set on object 'Object Repository/VacationCarryOver/Page_Supporting Elements/input_FT Support Vacation Carr_6'

2018-11-30 13:36:20 - [MESSAGE][PASSED] - Text '3.5' is set on object 'Object Repository/VacationCarryOver/Page_Supporting Elements/input_FT Support Vacation Carr_6'

2018-11-30 13:36:22 - [TEST_STEP][PASSED] - click: Object: 'Object Repository/VacationCarryOver/Page_Supporting Elements/input_Seneca Sick Support Bal' is clicked on

2018-11-30 13:36:27 - [MESSAGE][PASSED] - Object: 'Object Repository/VacationCarryOver/Page_Supporting Elements/input_Seneca Sick Support Bal' is clicked on

2018-11-30 13:36:29 - [TEST_STEP][PASSED] - click: Object: 'Object Repository/VacationCarryOver/Page_Supporting Elements/a_Sign out_pthdr2navbar' is clicked on

2018-11-30 13:36:31 - [MESSAGE][PASSED] - Object: 'Object Repository/VacationCarryOver/Page_Supporting Elements/a_Sign out_pthdr2navbar' is clicked on

2018-11-30 13:36:31 - [TEST_STEP][PASSED] - click: Object: 'Object Repository/VacationCarryOver/Page_Supporting Elements/div_Navigator_grouplet_PTNBPTN' is clicked on

2018-11-30 13:36:35 - [MESSAGE][PASSED] - Object: 'Object Repository/VacationCarryOver/Page_Supporting Elements/div_Navigator_grouplet_PTNBPTN' is clicked on

2018-11-30 13:36:37 - [TEST_STEP][PASSED] - Statement - Try: null

2018-11-30 13:36:37 - [TEST_STEP][PASSED] - Statement - If (!(com.kms.katalon.core.webui.keyword.WebUiBuiltInKeywords.verifyElementVisible("Object Repository/VacationCarryOver/Page_Supporting Elements/a_Main Menu"))): null

2018-11-30 13:36:37 - [TEST_STEP][PASSED] - Statement - Catch (Exception e): Object: 'Object Repository/VacationCarryOver/Page_Supporting Elements/div_Navigator_grouplet_PTNBPTN' is clicked on

2018-11-30 13:36:37 - [TEST_STEP][PASSED] - click: Object: 'Object Repository/VacationCarryOver/Page_Supporting Elements/div_Navigator_grouplet_PTNBPTN' is clicked on

2018-11-30 13:36:41 - [MESSAGE][PASSED] - Object: 'Object Repository/VacationCarryOver/Page_Supporting Elements/div_Navigator_grouplet_PTNBPTN' is clicked on

2018-11-30 13:36:43 - [TEST_STEP][PASSED] - click: Object: 'Object Repository/VacationCarryOver/Page_Supporting Elements/a_Main Menu' is clicked on

2018-11-30 13:36:47 - [MESSAGE][PASSED] - Object: 'Object Repository/VacationCarryOver/Page_Supporting Elements/a_Main Menu' is clicked on

2018-11-30 13:36:49 - [TEST_STEP][PASSED] - click: Object: 'Object Repository/VacationCarryOver/Page_Supporting Elements/a_Global Payroll  Absence Mgmt' is clicked on

2018-11-30 13:36:53 - [MESSAGE][PASSED] - Object: 'Object Repository/VacationCarryOver/Page_Supporting Elements/a_Global Payroll  Absence Mgmt' is clicked on

2018-11-30 13:36:56 - [TEST_STEP][PASSED] - click: Object: 'Object Repository/VacationCarryOver/Page_Supporting Elements/a_Payee Data' is clicked on

2018-11-30 13:37:00 - [MESSAGE][PASSED] - Object: 'Object Repository/VacationCarryOver/Page_Supporting Elements/a_Payee Data' is clicked on

2018-11-30 13:37:02 - [TEST_STEP][PASSED] - click: Object: 'Object Repository/VacationCarryOver/Page_Supporting Elements/a_Create Overrides' is clicked on

2018-11-30 13:37:06 - [MESSAGE][PASSED] - Object: 'Object Repository/VacationCarryOver/Page_Supporting Elements/a_Create Overrides' is clicked on

2018-11-30 13:37:08 - [TEST_STEP][PASSED] - click: Object: 'Object Repository/VacationCarryOver/Page_Supporting Elements/a_Payee Sections' is clicked on

2018-11-30 13:37:13 - [MESSAGE][PASSED] - Object: 'Object Repository/VacationCarryOver/Page_Supporting Elements/a_Payee Sections' is clicked on

2018-11-30 13:37:15 - [TEST_STEP][PASSED] - click: Object: 'Object Repository/VacationCarryOver/Page_Payee Sections/a_Last_ICField7new00' is clicked on

2018-11-30 13:37:19 - [MESSAGE][PASSED] - Object: 'Object Repository/VacationCarryOver/Page_Payee Sections/a_Last_ICField7new00' is clicked on

2018-11-30 13:37:21 - [TEST_STEP][PASSED] - setText: Text '09/02/2018' is set on object 'Object Repository/VacationCarryOver/Page_Payee Sections/input_Last_GP_PYE_SECTION1_EFF'

2018-11-30 13:37:28 - [MESSAGE][PASSED] - Text '09/02/2018' is set on object 'Object Repository/VacationCarryOver/Page_Payee Sections/input_Last_GP_PYE_SECTION1_EFF'

2018-11-30 13:37:30 - [TEST_STEP][PASSED] - selectOptionByValue: All options with value 'A' are selected in object 'Object Repository/VacationCarryOver/Page_Payee Sections/select_ActiveInactive' 

2018-11-30 13:37:39 - [MESSAGE][PASSED] - All options with value 'A' are selected in object 'Object Repository/VacationCarryOver/Page_Payee Sections/select_ActiveInactive' 

2018-11-30 13:37:41 - [TEST_STEP][PASSED] - setText: Text '' is set on object 'Object Repository/VacationCarryOver/Page_Payee Sections/input_Recalculate_GP_PYE_SECT_'

2018-11-30 13:37:47 - [MESSAGE][PASSED] - Text '' is set on object 'Object Repository/VacationCarryOver/Page_Payee Sections/input_Recalculate_GP_PYE_SECT_'

2018-11-30 13:37:49 - [TEST_STEP][PASSED] - setText: Text '10' is set on object 'Object Repository/VacationCarryOver/Page_Payee Sections/input_Recalculate_GP_PYE_SECT_'

2018-11-30 13:37:55 - [MESSAGE][PASSED] - Text '10' is set on object 'Object Repository/VacationCarryOver/Page_Payee Sections/input_Recalculate_GP_PYE_SECT_'

2018-11-30 13:37:57 - [TEST_STEP][PASSED] - selectOptionByValue: All options with value 'VR0' are selected in object 'Object Repository/VacationCarryOver/Page_Payee Sections/select_ Absence EntitlementAbs' 

2018-11-30 13:38:08 - [MESSAGE][PASSED] - All options with value 'VR0' are selected in object 'Object Repository/VacationCarryOver/Page_Payee Sections/select_ Absence EntitlementAbs' 

2018-11-30 13:38:10 - [TEST_STEP][PASSED] - setText: Text 'SN VAC SU CARY' is set on object 'Object Repository/VacationCarryOver/Page_Payee Sections/input_Recalculate_GP_PIN_NM_VW'

2018-11-30 13:38:16 - [MESSAGE][PASSED] - Text 'SN VAC SU CARY' is set on object 'Object Repository/VacationCarryOver/Page_Payee Sections/input_Recalculate_GP_PIN_NM_VW'

2018-11-30 13:38:18 - [TEST_STEP][PASSED] - click: Object: 'Object Repository/VacationCarryOver/Page_Payee Sections/input_FT Support Vacation Carr' is clicked on

2018-11-30 13:38:22 - [MESSAGE][PASSED] - Object: 'Object Repository/VacationCarryOver/Page_Payee Sections/input_FT Support Vacation Carr' is clicked on

2018-11-30 13:38:24 - [TEST_STEP][PASSED] - click: Object: 'Object Repository/VacationCarryOver/Page_Payee Sections/a_Actions List Popup_pthdr2Act' is clicked on

2018-11-30 13:38:26 - [MESSAGE][PASSED] - Object: 'Object Repository/VacationCarryOver/Page_Payee Sections/a_Actions List Popup_pthdr2Act' is clicked on

2018-11-30 13:38:26 - [TEST_STEP][PASSED] - click: Object: 'Object Repository/VacationCarryOver/Page_Payee Sections/span_Sign out' is clicked on

2018-11-30 13:38:28 - [MESSAGE][PASSED] - Object: 'Object Repository/VacationCarryOver/Page_Payee Sections/span_Sign out' is clicked on

2018-11-30 13:38:28 - [TEST_STEP][PASSED] - closeBrowser: Browser is closed

2018-11-30 13:38:30 - [MESSAGE][PASSED] - Browser is closed]]></system-out>
         <system-err><![CDATA[]]></system-err>
      </testcase>
      <system-out><![CDATA[2018-11-30 13:34:06 - [TEST_SUITE][PASSED] - VacationCarryOver.dataDriven: Test Cases/VacationCarryOver.dataDriven]]></system-out>
      <system-err><![CDATA[]]></system-err>
   </testsuite>
</testsuites>
